<?xml version="1.0" encoding="UTF-8"?>
<testng-results skipped="0" failed="0" ignored="0" total="1" passed="1">
  <reporter-output>
  </reporter-output>
  <suite name="Default suite" duration-ms="11771" started-at="2018-09-20T03:41:58Z" finished-at="2018-09-20T03:42:10Z">
    <groups>
    </groups>
    <test name="Default test" duration-ms="11771" started-at="2018-09-20T03:41:58Z" finished-at="2018-09-20T03:42:10Z">
      <class name="Automation_Suite2.TestClass1">
        <test-method status="PASS" signature="C1M1()[pri:0, instance:Automation_Suite2.TestClass1@1593948d]" name="C1M1" duration-ms="11731" started-at="2018-09-19T23:41:58Z" finished-at="2018-09-19T23:42:09Z">
          <reporter-output>
          </reporter-output>
        </test-method> <!-- C1M1 -->
      </class> <!-- Automation_Suite2.TestClass1 -->
    </test> <!-- Default test -->
  </suite> <!-- Default suite -->
</testng-results>
